TN:
SF:/Falko-2017.2-FrontEnd/src/components/GitHub/GitHubCallBack.vue
FN:27,(anonymous_0)
FN:31,(anonymous_1)
FNF:2
FNH:1
FNDA:1,(anonymous_0)
FNDA:0,(anonymous_1)
DA:12,1
DA:17,1
DA:18,1
DA:19,1
DA:20,1
DA:22,1
DA:23,1
DA:28,1
DA:29,1
DA:32,0
LF:10
LH:9
BRF:0
BRH:0
end_of_record
TN:
SF:/Falko-2017.2-FrontEnd/src/http-common.js
FNF:0
FNH:0
DA:3,1
LF:1
LH:1
BRF:0
BRH:0
end_of_record
TN:
SF:/Falko-2017.2-FrontEnd/src/components/GitHub/GitHubProjects.vue
FN:85,(anonymous_0)
FN:89,(anonymous_1)
FN:97,(anonymous_2)
FN:102,(anonymous_3)
FN:103,(anonymous_4)
FN:109,doRequisitions
FN:112,(anonymous_6)
FN:125,(anonymous_7)
FN:131,(anonymous_8)
FNF:9
FNH:7
FNDA:4,(anonymous_0)
FNDA:0,(anonymous_1)
FNDA:0,(anonymous_2)
FNDA:1,(anonymous_3)
FNDA:1,(anonymous_4)
FNDA:2,doRequisitions
FNDA:2,(anonymous_6)
FNDA:2,(anonymous_7)
FNDA:2,(anonymous_8)
DA:71,6
DA:79,4
DA:80,4
DA:81,4
DA:82,4
DA:84,4
DA:86,4
DA:87,4
DA:90,0
DA:94,0
DA:95,0
DA:97,0
DA:101,2
DA:102,1
DA:103,1
DA:111,2
DA:113,2
DA:114,2
DA:115,2
DA:116,2
DA:117,2
DA:118,2
DA:119,2
DA:120,2
DA:121,4
DA:126,2
DA:127,2
DA:128,1
DA:131,2
LF:29
LH:25
BRDA:94,0,0,0
BRDA:94,0,1,0
BRDA:127,1,0,1
BRDA:127,1,1,1
BRF:4
BRH:2
end_of_record
TN:
SF:/Falko-2017.2-FrontEnd/src/components/Authentication/Login.vue
FN:38,(anonymous_0)
FN:43,(anonymous_1)
FNF:2
FNH:0
FNDA:0,(anonymous_0)
FNDA:0,(anonymous_1)
DA:26,0
DA:34,0
DA:39,0
DA:40,0
DA:41,0
DA:44,0
LF:6
LH:0
BRF:0
BRH:0
end_of_record
TN:
SF:/Falko-2017.2-FrontEnd/src/components/Authentication/LoginRegister.vue
FNF:0
FNH:0
LF:0
LH:0
BRF:0
BRH:0
end_of_record
TN:
SF:/Falko-2017.2-FrontEnd/src/components/Authentication/Register.vue
FN:50,(anonymous_0)
FN:55,(anonymous_1)
FN:70,(anonymous_2)
FN:73,(anonymous_3)
FNF:4
FNH:0
FNDA:0,(anonymous_0)
FNDA:0,(anonymous_1)
FNDA:0,(anonymous_2)
FNDA:0,(anonymous_3)
DA:35,0
DA:46,0
DA:51,0
DA:52,0
DA:53,0
DA:56,0
DA:61,0
DA:71,0
DA:74,0
LF:9
LH:0
BRF:0
BRH:0
end_of_record
TN:
SF:/Falko-2017.2-FrontEnd/src/components/HomePage.vue
FNF:0
FNH:0
DA:72,0
LF:1
LH:0
BRF:0
BRH:0
end_of_record
TN:
SF:/Falko-2017.2-FrontEnd/src/components/Navbar.vue
FNF:0
FNH:0
DA:35,0
DA:36,0
DA:39,0
DA:40,0
DA:42,0
DA:46,0
DA:47,0
DA:50,0
LF:8
LH:0
BRDA:39,0,0,0
BRDA:39,0,1,0
BRDA:46,1,0,0
BRDA:46,1,1,0
BRF:4
BRH:0
end_of_record
TN:
SF:/Falko-2017.2-FrontEnd/src/components/SearchBar.vue
FNF:0
FNH:0
DA:19,0
LF:1
LH:0
BRF:0
BRH:0
end_of_record
TN:
SF:/Falko-2017.2-FrontEnd/src/components/NoContent.vue
FNF:0
FNH:0
LF:0
LH:0
BRF:0
BRH:0
end_of_record
TN:
SF:/Falko-2017.2-FrontEnd/src/components/NotFound.vue
FNF:0
FNH:0
LF:0
LH:0
BRF:0
BRH:0
end_of_record
TN:
SF:/Falko-2017.2-FrontEnd/src/components/Projects/AddProject.vue
FN:62,(anonymous_0)
FN:67,(anonymous_1)
FNF:2
FNH:0
FNDA:0,(anonymous_0)
FNDA:0,(anonymous_1)
DA:40,0
DA:48,0
DA:49,0
DA:50,0
DA:51,0
DA:53,0
DA:54,0
DA:57,0
DA:63,0
DA:64,0
DA:65,0
DA:68,0
LF:12
LH:0
BRF:0
BRH:0
end_of_record
TN:
SF:/Falko-2017.2-FrontEnd/src/components/Projects/DeleteProject.vue
FN:48,(anonymous_0)
FN:51,(anonymous_1)
FNF:2
FNH:0
FNDA:0,(anonymous_0)
FNDA:0,(anonymous_1)
DA:36,0
DA:43,0
DA:44,0
DA:45,0
DA:46,0
DA:47,0
DA:49,0
DA:52,0
LF:8
LH:0
BRF:0
BRH:0
end_of_record
TN:
SF:/Falko-2017.2-FrontEnd/src/components/Projects/EditProject.vue
FN:55,(anonymous_0)
FN:58,(anonymous_1)
FN:70,(anonymous_2)
FN:74,(anonymous_3)
FNF:4
FNH:0
FNDA:0,(anonymous_0)
FNDA:0,(anonymous_1)
FNDA:0,(anonymous_2)
FNDA:0,(anonymous_3)
DA:38,0
DA:46,0
DA:47,0
DA:48,0
DA:49,0
DA:51,0
DA:56,0
DA:59,0
DA:64,0
DA:65,0
DA:66,0
DA:67,0
DA:69,0
DA:71,0
DA:72,0
DA:75,0
DA:80,0
LF:17
LH:0
BRF:0
BRH:0
end_of_record
TN:
SF:/Falko-2017.2-FrontEnd/src/event-bus.js
FNF:0
FNH:0
DA:3,1
LF:1
LH:1
BRF:0
BRH:0
end_of_record
TN:
SF:/Falko-2017.2-FrontEnd/src/components/Projects/Project.vue
FN:54,(anonymous_0)
FN:57,(anonymous_1)
FN:68,(anonymous_2)
FN:71,(anonymous_3)
FNF:4
FNH:0
FNDA:0,(anonymous_0)
FNDA:0,(anonymous_1)
FNDA:0,(anonymous_2)
FNDA:0,(anonymous_3)
DA:43,0
DA:49,0
DA:50,0
DA:51,0
DA:52,0
DA:53,0
DA:55,0
DA:58,0
DA:62,0
DA:63,0
DA:64,0
DA:65,0
DA:66,0
DA:67,0
DA:69,0
DA:72,0
DA:77,0
LF:17
LH:0
BRF:0
BRH:0
end_of_record
TN:
SF:/Falko-2017.2-FrontEnd/src/components/Projects/Projects.vue
FN:62,(anonymous_0)
FN:65,(anonymous_1)
FNF:2
FNH:0
FNDA:0,(anonymous_0)
FNDA:0,(anonymous_1)
DA:47,0
DA:53,0
DA:54,0
DA:55,0
DA:56,0
DA:58,0
DA:59,0
DA:61,0
DA:63,0
DA:66,0
DA:70,0
DA:73,0
DA:77,0
LF:13
LH:0
BRF:0
BRH:0
end_of_record
TN:
SF:/Falko-2017.2-FrontEnd/src/components/Releases/AddRelease.vue
FN:73,(anonymous_0)
FN:81,(anonymous_1)
FNF:2
FNH:0
FNDA:0,(anonymous_0)
FNDA:0,(anonymous_1)
DA:48,0
DA:59,0
DA:60,0
DA:61,0
DA:62,0
DA:64,0
DA:74,0
DA:75,0
DA:76,0
DA:77,0
DA:78,0
DA:79,0
DA:82,0
LF:13
LH:0
BRF:0
BRH:0
end_of_record
TN:
SF:/Falko-2017.2-FrontEnd/src/components/Releases/DeleteRelease.vue
FN:46,(anonymous_0)
FN:50,(anonymous_1)
FNF:2
FNH:0
FNDA:0,(anonymous_0)
FNDA:0,(anonymous_1)
DA:35,0
DA:40,0
DA:41,0
DA:42,0
DA:43,0
DA:45,0
DA:48,0
DA:51,0
LF:8
LH:0
BRF:0
BRH:0
end_of_record
TN:
SF:/Falko-2017.2-FrontEnd/src/components/Releases/EditRelease.vue
FN:66,(anonymous_0)
FN:69,(anonymous_1)
FN:81,(anonymous_2)
FN:87,(anonymous_3)
FNF:4
FNH:0
FNDA:0,(anonymous_0)
FNDA:0,(anonymous_1)
FNDA:0,(anonymous_2)
FNDA:0,(anonymous_3)
DA:45,0
DA:55,0
DA:56,0
DA:57,0
DA:58,0
DA:60,0
DA:70,0
DA:75,0
DA:76,0
DA:77,0
DA:78,0
DA:80,0
DA:82,0
DA:83,0
DA:84,0
DA:85,0
DA:88,0
DA:93,0
LF:18
LH:0
BRF:0
BRH:0
end_of_record
TN:
SF:/Falko-2017.2-FrontEnd/src/components/Releases/Release.vue
FN:71,(anonymous_0)
FN:77,(anonymous_1)
FNF:2
FNH:0
FNDA:0,(anonymous_0)
FNDA:0,(anonymous_1)
DA:55,0
DA:64,0
DA:65,0
DA:66,0
DA:67,0
DA:70,0
DA:72,0
DA:74,0
DA:75,0
DA:78,0
DA:84,0
DA:88,0
LF:12
LH:0
BRF:0
BRH:0
end_of_record
TN:
SF:/Falko-2017.2-FrontEnd/src/mixins/dateConvert.js
FNF:0
FNH:0
DA:1,1
DA:4,0
LF:2
LH:1
BRF:0
BRH:0
end_of_record
TN:
SF:/Falko-2017.2-FrontEnd/src/components/Releases/Releases.vue
FN:90,(anonymous_0)
FN:93,(anonymous_1)
FNF:2
FNH:0
FNDA:0,(anonymous_0)
FNDA:0,(anonymous_1)
DA:74,0
DA:84,0
DA:85,0
DA:86,0
DA:87,0
DA:89,0
DA:91,0
DA:94,0
DA:98,0
DA:104,0
DA:108,0
DA:112,0
LF:12
LH:0
BRF:0
BRH:0
end_of_record
TN:
SF:/Falko-2017.2-FrontEnd/src/components/Sprints/AddSprint.vue
FN:69,(anonymous_0)
FN:76,(anonymous_1)
FNF:2
FNH:0
FNDA:0,(anonymous_0)
FNDA:0,(anonymous_1)
DA:45,0
DA:54,0
DA:55,0
DA:56,0
DA:57,0
DA:60,0
DA:70,0
DA:71,0
DA:72,0
DA:73,0
DA:74,0
DA:77,0
LF:12
LH:0
BRF:0
BRH:0
end_of_record
TN:
SF:/Falko-2017.2-FrontEnd/src/components/Sprints/DeleteSprint.vue
FNF:0
FNH:0
DA:36,0
DA:44,0
DA:45,0
DA:46,0
DA:47,0
DA:49,0
DA:50,0
DA:51,0
DA:52,0
DA:53,0
DA:55,0
LF:11
LH:0
BRF:0
BRH:0
end_of_record
TN:
SF:/Falko-2017.2-FrontEnd/src/components/Sprints/EditSprint.vue
FN:68,(anonymous_0)
FN:71,(anonymous_1)
FN:83,(anonymous_2)
FN:89,(anonymous_3)
FNF:4
FNH:0
FNDA:0,(anonymous_0)
FNDA:0,(anonymous_1)
FNDA:0,(anonymous_2)
FNDA:0,(anonymous_3)
DA:47,0
DA:57,0
DA:58,0
DA:59,0
DA:60,0
DA:62,0
DA:69,0
DA:72,0
DA:77,0
DA:78,0
DA:79,0
DA:80,0
DA:82,0
DA:84,0
DA:85,0
DA:86,0
DA:87,0
DA:90,0
DA:95,0
LF:19
LH:0
BRF:0
BRH:0
end_of_record
TN:
SF:/Falko-2017.2-FrontEnd/src/components/Sprints/Sprint.vue
FN:64,(anonymous_0)
FN:69,(anonymous_1)
FN:88,(anonymous_2)
FN:90,(anonymous_3)
FN:93,(anonymous_4)
FNF:5
FNH:0
FNDA:0,(anonymous_0)
FNDA:0,(anonymous_1)
FNDA:0,(anonymous_2)
FNDA:0,(anonymous_3)
FNDA:0,(anonymous_4)
DA:49,0
DA:58,0
DA:59,0
DA:60,0
DA:61,0
DA:63,0
DA:65,0
DA:66,0
DA:67,0
DA:70,0
DA:76,0
DA:80,0
DA:82,0
DA:83,0
DA:84,0
DA:85,0
DA:88,0
DA:89,0
DA:91,0
DA:94,0
DA:97,0
LF:21
LH:0
BRF:0
BRH:0
end_of_record
TN:
SF:/Falko-2017.2-FrontEnd/src/components/Sprints/Sprints.vue
FN:51,(anonymous_0)
FN:54,(anonymous_1)
FNF:2
FNH:0
FNDA:0,(anonymous_0)
FNDA:0,(anonymous_1)
DA:39,0
DA:45,0
DA:46,0
DA:47,0
DA:48,0
DA:50,0
DA:52,0
DA:55,0
DA:60,0
DA:65,0
DA:69,0
LF:11
LH:0
BRF:0
BRH:0
end_of_record
TN:
SF:/Falko-2017.2-FrontEnd/src/components/Users/DeleteUserProfile.vue
FN:44,(anonymous_0)
FN:48,(anonymous_1)
FNF:2
FNH:0
FNDA:0,(anonymous_0)
FNDA:0,(anonymous_1)
DA:36,0
DA:37,0
DA:39,0
DA:41,0
DA:42,0
DA:43,0
DA:45,0
DA:46,0
DA:49,0
LF:9
LH:0
BRF:0
BRH:0
end_of_record
TN:
SF:/Falko-2017.2-FrontEnd/src/components/Users/EditUserProfile.vue
FN:66,(anonymous_0)
FN:69,(anonymous_1)
FN:83,(anonymous_2)
FN:88,(anonymous_3)
FNF:4
FNH:0
FNDA:0,(anonymous_0)
FNDA:0,(anonymous_1)
FNDA:0,(anonymous_2)
FNDA:0,(anonymous_3)
DA:41,0
DA:50,0
DA:51,0
DA:52,0
DA:53,0
DA:54,0
DA:56,0
DA:57,0
DA:59,0
DA:67,0
DA:70,0
DA:75,0
DA:76,0
DA:77,0
DA:78,0
DA:79,0
DA:82,0
DA:84,0
DA:85,0
DA:86,0
DA:89,0
DA:94,0
LF:22
LH:0
BRF:0
BRH:0
end_of_record
TN:
SF:/Falko-2017.2-FrontEnd/src/components/Users/UserProfile.vue
FN:67,(anonymous_0)
FN:75,(anonymous_1)
FN:87,(anonymous_2)
FNF:3
FNH:0
FNDA:0,(anonymous_0)
FNDA:0,(anonymous_1)
FNDA:0,(anonymous_2)
DA:49,0
DA:58,0
DA:59,0
DA:61,0
DA:63,0
DA:64,0
DA:66,0
DA:68,0
DA:69,0
DA:70,0
DA:76,0
DA:80,0
DA:84,0
DA:85,0
DA:87,0
DA:88,0
LF:16
LH:0
BRF:0
BRH:0
end_of_record
