TN:
SF:/Falko-2017.2-FrontEnd/src/components/GitHubCallBack.vue
FN:22,(anonymous_0)
FN:25,(anonymous_1)
FNF:2
FNH:1
FNDA:1,(anonymous_0)
FNDA:0,(anonymous_1)
DA:12,1
DA:17,1
DA:18,1
DA:23,1
DA:26,0
LF:5
LH:4
BRF:0
BRH:0
end_of_record
TN:
SF:/Falko-2017.2-FrontEnd/src/http-common.js
FNF:0
FNH:0
DA:3,1
LF:1
LH:1
BRF:0
BRH:0
end_of_record
TN:
SF:/Falko-2017.2-FrontEnd/src/components/GitHubProjects.vue
FN:85,(anonymous_0)
FN:89,(anonymous_1)
FN:99,(anonymous_2)
FN:106,(anonymous_3)
FN:107,(anonymous_4)
FN:113,doRequisitions
FN:116,(anonymous_6)
FN:129,(anonymous_7)
FN:135,(anonymous_8)
FNF:9
FNH:7
FNDA:4,(anonymous_0)
FNDA:0,(anonymous_1)
FNDA:0,(anonymous_2)
FNDA:1,(anonymous_3)
FNDA:1,(anonymous_4)
FNDA:2,doRequisitions
FNDA:2,(anonymous_6)
FNDA:2,(anonymous_7)
FNDA:2,(anonymous_8)
DA:71,6
DA:79,4
DA:80,4
DA:81,4
DA:82,4
DA:84,4
DA:86,4
DA:87,4
DA:90,0
DA:94,0
DA:95,0
DA:96,0
DA:97,0
DA:99,0
DA:101,0
DA:104,2
DA:105,2
DA:106,1
DA:107,1
DA:115,2
DA:117,2
DA:118,2
DA:119,2
DA:120,2
DA:121,2
DA:122,2
DA:123,2
DA:124,2
DA:125,4
DA:130,2
DA:131,2
DA:132,1
DA:135,2
LF:33
LH:26
BRDA:96,0,0,0
BRDA:96,0,1,0
BRDA:131,1,0,1
BRDA:131,1,1,1
BRF:4
BRH:2
end_of_record
TN:
SF:/Falko-2017.2-FrontEnd/src/components/AddProject.vue
FN:62,(anonymous_0)
FN:67,(anonymous_1)
FNF:2
FNH:0
FNDA:0,(anonymous_0)
FNDA:0,(anonymous_1)
DA:40,0
DA:48,0
DA:49,0
DA:50,0
DA:51,0
DA:53,0
DA:54,0
DA:57,0
DA:63,0
DA:64,0
DA:65,0
DA:68,0
LF:12
LH:0
BRF:0
BRH:0
end_of_record
TN:
SF:/Falko-2017.2-FrontEnd/src/components/DeleteProject.vue
FN:48,(anonymous_0)
FN:51,(anonymous_1)
FNF:2
FNH:0
FNDA:0,(anonymous_0)
FNDA:0,(anonymous_1)
DA:36,0
DA:43,0
DA:44,0
DA:45,0
DA:46,0
DA:47,0
DA:49,0
DA:52,0
LF:8
LH:0
BRF:0
BRH:0
end_of_record
TN:
SF:/Falko-2017.2-FrontEnd/src/components/DeleteUserProfile.vue
FN:44,(anonymous_0)
FN:48,(anonymous_1)
FNF:2
FNH:0
FNDA:0,(anonymous_0)
FNDA:0,(anonymous_1)
DA:36,0
DA:37,0
DA:39,0
DA:41,0
DA:42,0
DA:43,0
DA:45,0
DA:46,0
DA:49,0
LF:9
LH:0
BRF:0
BRH:0
end_of_record
TN:
SF:/Falko-2017.2-FrontEnd/src/components/EditProject.vue
FN:55,(anonymous_0)
FN:58,(anonymous_1)
FNF:2
FNH:0
FNDA:0,(anonymous_0)
FNDA:0,(anonymous_1)
DA:38,0
DA:46,0
DA:47,0
DA:48,0
DA:49,0
DA:51,0
DA:56,0
DA:59,0
LF:8
LH:0
BRF:0
BRH:0
end_of_record
TN:
SF:/Falko-2017.2-FrontEnd/src/event-bus.js
FNF:0
FNH:0
DA:3,1
LF:1
LH:1
BRF:0
BRH:0
end_of_record
TN:
SF:/Falko-2017.2-FrontEnd/src/components/EditUserProfile.vue
FN:67,(anonymous_0)
FN:70,(anonymous_1)
FNF:2
FNH:0
FNDA:0,(anonymous_0)
FNDA:0,(anonymous_1)
DA:41,0
DA:50,0
DA:51,0
DA:53,0
DA:55,0
DA:57,0
DA:58,0
DA:60,0
DA:68,0
DA:71,0
LF:10
LH:0
BRF:0
BRH:0
end_of_record
TN:
SF:/Falko-2017.2-FrontEnd/src/components/HomePage.vue
FNF:0
FNH:0
DA:72,0
LF:1
LH:0
BRF:0
BRH:0
end_of_record
TN:
SF:/Falko-2017.2-FrontEnd/src/components/LoginRegister.vue
FNF:0
FNH:0
LF:0
LH:0
BRF:0
BRH:0
end_of_record
TN:
SF:/Falko-2017.2-FrontEnd/src/components/Login.vue
FN:38,(anonymous_0)
FN:43,(anonymous_1)
FNF:2
FNH:0
FNDA:0,(anonymous_0)
FNDA:0,(anonymous_1)
DA:26,0
DA:34,0
DA:39,0
DA:40,0
DA:41,0
DA:44,0
LF:6
LH:0
BRF:0
BRH:0
end_of_record
TN:
SF:/Falko-2017.2-FrontEnd/src/components/Register.vue
FN:50,(anonymous_0)
FN:55,(anonymous_1)
FN:70,(anonymous_2)
FN:73,(anonymous_3)
FNF:4
FNH:0
FNDA:0,(anonymous_0)
FNDA:0,(anonymous_1)
FNDA:0,(anonymous_2)
FNDA:0,(anonymous_3)
DA:35,0
DA:46,0
DA:51,0
DA:52,0
DA:53,0
DA:56,0
DA:61,0
DA:71,0
DA:74,0
LF:9
LH:0
BRF:0
BRH:0
end_of_record
TN:
SF:/Falko-2017.2-FrontEnd/src/components/InProject.vue
FN:61,(anonymous_0)
FN:64,(anonymous_1)
FN:75,(anonymous_2)
FN:78,(anonymous_3)
FNF:4
FNH:0
FNDA:0,(anonymous_0)
FNDA:0,(anonymous_1)
FNDA:0,(anonymous_2)
FNDA:0,(anonymous_3)
DA:50,0
DA:56,0
DA:57,0
DA:58,0
DA:59,0
DA:60,0
DA:62,0
DA:65,0
DA:69,0
DA:70,0
DA:71,0
DA:72,0
DA:73,0
DA:74,0
DA:76,0
DA:79,0
DA:84,0
LF:17
LH:0
BRF:0
BRH:0
end_of_record
TN:
SF:/Falko-2017.2-FrontEnd/src/components/Navbar.vue
FNF:0
FNH:0
DA:35,0
DA:36,0
DA:39,0
DA:40,0
DA:42,0
DA:46,0
DA:47,0
DA:50,0
LF:8
LH:0
BRDA:39,0,0,0
BRDA:39,0,1,0
BRDA:46,1,0,0
BRDA:46,1,1,0
BRF:4
BRH:0
end_of_record
TN:
SF:/Falko-2017.2-FrontEnd/src/components/SearchBar.vue
FNF:0
FNH:0
DA:19,0
LF:1
LH:0
BRF:0
BRH:0
end_of_record
TN:
SF:/Falko-2017.2-FrontEnd/src/components/NoContent.vue
FNF:0
FNH:0
LF:0
LH:0
BRF:0
BRH:0
end_of_record
TN:
SF:/Falko-2017.2-FrontEnd/src/components/NotFound.vue
FNF:0
FNH:0
LF:0
LH:0
BRF:0
BRH:0
end_of_record
TN:
SF:/Falko-2017.2-FrontEnd/src/components/Projects.vue
FN:62,(anonymous_0)
FN:65,(anonymous_1)
FNF:2
FNH:0
FNDA:0,(anonymous_0)
FNDA:0,(anonymous_1)
DA:47,0
DA:53,0
DA:54,0
DA:55,0
DA:56,0
DA:58,0
DA:59,0
DA:61,0
DA:63,0
DA:66,0
DA:70,0
DA:73,0
DA:77,0
LF:13
LH:0
BRF:0
BRH:0
end_of_record
TN:
SF:/Falko-2017.2-FrontEnd/src/components/ReleasesComponents/AddRelease.vue
FN:71,(anonymous_0)
FN:79,(anonymous_1)
FNF:2
FNH:0
FNDA:0,(anonymous_0)
FNDA:0,(anonymous_1)
DA:48,0
DA:58,0
DA:59,0
DA:60,0
DA:61,0
DA:63,0
DA:72,0
DA:73,0
DA:74,0
DA:75,0
DA:76,0
DA:77,0
DA:80,0
LF:13
LH:0
BRF:0
BRH:0
end_of_record
TN:
SF:/Falko-2017.2-FrontEnd/src/components/ReleasesComponents/DeleteRelease.vue
FN:46,(anonymous_0)
FN:50,(anonymous_1)
FNF:2
FNH:0
FNDA:0,(anonymous_0)
FNDA:0,(anonymous_1)
DA:35,0
DA:40,0
DA:41,0
DA:42,0
DA:43,0
DA:45,0
DA:48,0
DA:51,0
LF:8
LH:0
BRF:0
BRH:0
end_of_record
TN:
SF:/Falko-2017.2-FrontEnd/src/components/ReleasesComponents/EditRelease.vue
FN:65,(anonymous_0)
FN:68,(anonymous_1)
FNF:2
FNH:0
FNDA:0,(anonymous_0)
FNDA:0,(anonymous_1)
DA:45,0
DA:54,0
DA:55,0
DA:56,0
DA:57,0
DA:59,0
DA:69,0
LF:7
LH:0
BRF:0
BRH:0
end_of_record
TN:
SF:/Falko-2017.2-FrontEnd/src/components/ReleasesComponents/Release.vue
FN:61,(anonymous_0)
FN:64,(anonymous_1)
FNF:2
FNH:0
FNDA:0,(anonymous_0)
FNDA:0,(anonymous_1)
DA:47,0
DA:54,0
DA:55,0
DA:56,0
DA:57,0
DA:60,0
DA:62,0
DA:65,0
DA:71,0
LF:9
LH:0
BRF:0
BRH:0
end_of_record
TN:
SF:/Falko-2017.2-FrontEnd/src/components/ReleasesComponents/Releases.vue
FN:86,(anonymous_0)
FN:89,(anonymous_1)
FNF:2
FNH:0
FNDA:0,(anonymous_0)
FNDA:0,(anonymous_1)
DA:72,0
DA:80,0
DA:81,0
DA:82,0
DA:83,0
DA:85,0
DA:87,0
DA:90,0
DA:94,0
DA:99,0
DA:103,0
LF:11
LH:0
BRF:0
BRH:0
end_of_record
TN:
SF:/Falko-2017.2-FrontEnd/src/components/Sprints/AddSprint.vue
FN:69,(anonymous_0)
FN:77,(anonymous_1)
FNF:2
FNH:0
FNDA:0,(anonymous_0)
FNDA:0,(anonymous_1)
DA:46,0
DA:56,0
DA:57,0
DA:58,0
DA:59,0
DA:62,0
DA:70,0
DA:71,0
DA:72,0
DA:73,0
DA:74,0
DA:75,0
DA:78,0
LF:13
LH:0
BRF:0
BRH:0
end_of_record
TN:
SF:/Falko-2017.2-FrontEnd/src/components/Sprints/DeleteSprint.vue
FNF:0
FNH:0
DA:36,0
DA:44,0
DA:45,0
DA:46,0
DA:47,0
DA:49,0
DA:50,0
DA:51,0
DA:52,0
DA:53,0
DA:55,0
LF:11
LH:0
BRF:0
BRH:0
end_of_record
TN:
SF:/Falko-2017.2-FrontEnd/src/components/Sprints/EditSprint.vue
FN:63,(anonymous_0)
FN:66,(anonymous_1)
FNF:2
FNH:0
FNDA:0,(anonymous_0)
FNDA:0,(anonymous_1)
DA:42,0
DA:52,0
DA:53,0
DA:54,0
DA:55,0
DA:57,0
DA:64,0
DA:67,0
LF:8
LH:0
BRF:0
BRH:0
end_of_record
TN:
SF:/Falko-2017.2-FrontEnd/src/components/Sprints/InSprint.vue
FN:52,(anonymous_0)
FN:55,(anonymous_1)
FN:69,(anonymous_2)
FN:71,(anonymous_3)
FN:74,(anonymous_4)
FNF:5
FNH:0
FNDA:0,(anonymous_0)
FNDA:0,(anonymous_1)
FNDA:0,(anonymous_2)
FNDA:0,(anonymous_3)
FNDA:0,(anonymous_4)
DA:39,0
DA:46,0
DA:47,0
DA:48,0
DA:49,0
DA:51,0
DA:53,0
DA:56,0
DA:61,0
DA:63,0
DA:64,0
DA:65,0
DA:66,0
DA:69,0
DA:70,0
DA:72,0
DA:75,0
DA:78,0
LF:18
LH:0
BRF:0
BRH:0
end_of_record
TN:
SF:/Falko-2017.2-FrontEnd/src/components/Sprints/SprintIndex.vue
FN:53,(anonymous_0)
FN:56,(anonymous_1)
FNF:2
FNH:0
FNDA:0,(anonymous_0)
FNDA:0,(anonymous_1)
DA:40,0
DA:47,0
DA:48,0
DA:49,0
DA:50,0
DA:52,0
DA:54,0
DA:57,0
DA:62,0
DA:67,0
DA:71,0
LF:11
LH:0
BRF:0
BRH:0
end_of_record
TN:
SF:/Falko-2017.2-FrontEnd/src/components/UserProfile.vue
FN:67,(anonymous_0)
FN:75,(anonymous_1)
FN:87,(anonymous_2)
FNF:3
FNH:0
FNDA:0,(anonymous_0)
FNDA:0,(anonymous_1)
FNDA:0,(anonymous_2)
DA:49,0
DA:58,0
DA:59,0
DA:61,0
DA:63,0
DA:64,0
DA:66,0
DA:68,0
DA:69,0
DA:70,0
DA:76,0
DA:80,0
DA:84,0
DA:85,0
DA:87,0
DA:88,0
LF:16
LH:0
BRF:0
BRH:0
end_of_record
